<?xml version="1.0" encoding="UTF-8"?>
<coverage generated="1575591788696" clover="3.2.0">
  <project timestamp="1575591788696" name="All files">
    <metrics statements="15" coveredstatements="15" conditionals="0" coveredconditionals="0" methods="0" coveredmethods="0" elements="15" coveredelements="15" complexity="0" loc="15" ncloc="15" packages="1" files="5" classes="5"/>
    <file name="Hat.js" path="/Users/Tess/alchemy/career-track/week-01/mongoose-models-lab/models/Hat.js">
      <metrics statements="3" coveredstatements="3" conditionals="0" coveredconditionals="0" methods="0" coveredmethods="0"/>
      <line num="1" count="1" type="stmt"/>
      <line num="3" count="1" type="stmt"/>
      <line num="22" count="1" type="stmt"/>
    </file>
    <file name="Neuron.js" path="/Users/Tess/alchemy/career-track/week-01/mongoose-models-lab/models/Neuron.js">
      <metrics statements="3" coveredstatements="3" conditionals="0" coveredconditionals="0" methods="0" coveredmethods="0"/>
      <line num="1" count="1" type="stmt"/>
      <line num="3" count="1" type="stmt"/>
      <line num="23" count="1" type="stmt"/>
    </file>
    <file name="Pencil.js" path="/Users/Tess/alchemy/career-track/week-01/mongoose-models-lab/models/Pencil.js">
      <metrics statements="3" coveredstatements="3" conditionals="0" coveredconditionals="0" methods="0" coveredmethods="0"/>
      <line num="1" count="1" type="stmt"/>
      <line num="3" count="1" type="stmt"/>
      <line num="23" count="1" type="stmt"/>
    </file>
    <file name="Sailboat.js" path="/Users/Tess/alchemy/career-track/week-01/mongoose-models-lab/models/Sailboat.js">
      <metrics statements="3" coveredstatements="3" conditionals="0" coveredconditionals="0" methods="0" coveredmethods="0"/>
      <line num="1" count="1" type="stmt"/>
      <line num="3" count="1" type="stmt"/>
      <line num="25" count="1" type="stmt"/>
    </file>
    <file name="Tree.js" path="/Users/Tess/alchemy/career-track/week-01/mongoose-models-lab/models/Tree.js">
      <metrics statements="3" coveredstatements="3" conditionals="0" coveredconditionals="0" methods="0" coveredmethods="0"/>
      <line num="1" count="1" type="stmt"/>
      <line num="3" count="1" type="stmt"/>
      <line num="28" count="1" type="stmt"/>
    </file>
  </project>
</coverage>
