{"/Users/Tess/alchemy/career-track/week-01/mongoose-models-lab/models/Hat.js": {"path":"/Users/Tess/alchemy/career-track/week-01/mongoose-models-lab/models/Hat.js","statementMap":{"0":{"start":{"line":5,"column":17},"end":{"line":5,"column":36}},"1":{"start":{"line":7,"column":15},"end":{"line":24,"column":2}},"2":{"start":{"line":26,"column":0},"end":{"line":26,"column":47}}},"fnMap":{},"branchMap":{},"s":{"0":1,"1":1,"2":1},"f":{},"b":{},"_coverageSchema":"43e27e138ebf9cfc5966b082cf9a028302ed4184","hash":"15ba1d1cd3ca1c816b7dd5276efbdcca0b127c6f"}
,"/Users/Tess/alchemy/career-track/week-01/mongoose-models-lab/models/Tree.js": {"path":"/Users/Tess/alchemy/career-track/week-01/mongoose-models-lab/models/Tree.js","statementMap":{"0":{"start":{"line":1,"column":17},"end":{"line":1,"column":36}},"1":{"start":{"line":3,"column":15},"end":{"line":26,"column":2}},"2":{"start":{"line":28,"column":0},"end":{"line":28,"column":48}}},"fnMap":{},"branchMap":{},"s":{"0":1,"1":1,"2":1},"f":{},"b":{},"_coverageSchema":"43e27e138ebf9cfc5966b082cf9a028302ed4184","hash":"589ee92abb77bf28fc27431b9f4719fff7a6ac67"}
}
