TN:
SF:/Users/Tess/alchemy/career-track/week-01/mongoose-models-lab/models/Hat.js
FNF:0
FNH:0
DA:1,1
DA:3,1
DA:22,1
LF:3
LH:3
BRF:0
BRH:0
end_of_record
TN:
SF:/Users/Tess/alchemy/career-track/week-01/mongoose-models-lab/models/Neuron.js
FNF:0
FNH:0
DA:1,1
DA:3,1
DA:23,1
LF:3
LH:3
BRF:0
BRH:0
end_of_record
TN:
SF:/Users/Tess/alchemy/career-track/week-01/mongoose-models-lab/models/Pencil.js
FNF:0
FNH:0
DA:1,1
DA:3,1
DA:23,1
LF:3
LH:3
BRF:0
BRH:0
end_of_record
TN:
SF:/Users/Tess/alchemy/career-track/week-01/mongoose-models-lab/models/Sailboat.js
FNF:0
FNH:0
DA:1,1
DA:3,1
DA:25,1
LF:3
LH:3
BRF:0
BRH:0
end_of_record
TN:
SF:/Users/Tess/alchemy/career-track/week-01/mongoose-models-lab/models/Tree.js
FNF:0
FNH:0
DA:1,1
DA:3,1
DA:28,1
LF:3
LH:3
BRF:0
BRH:0
end_of_record
